<?xml version="1.0" encoding="UTF-8"?>
<!-- Generated by org.testng.reporters.JUnitReportReporter -->
<testsuite ignored="5" hostname="WorkPC" failures="0" tests="3" name="com.Runner.Local_Host" time="490.666" errors="0" timestamp="10 Oct 2022 10:22:22 GMT" skipped="0">
  <testcase classname="com.Runner.Local_Host" name="PatientModule" time="25.598"/>
  <testcase classname="com.Runner.Local_Host" name="HealthRec" time="441.324"/>
  <testcase classname="com.Runner.Local_Host" name="HomeModule" time="23.744"/>
  <testcase classname="com.Runner.Local_Host" name="TeleDoctor">
    <skipped/>
  </testcase> <!-- TeleDoctor -->
  <testcase classname="com.Runner.Local_Host" name="Settings">
    <skipped/>
  </testcase> <!-- Settings -->
  <testcase classname="com.Runner.Local_Host" name="Message">
    <skipped/>
  </testcase> <!-- Message -->
  <testcase classname="com.Runner.Local_Host" name="BillingModule">
    <skipped/>
  </testcase> <!-- BillingModule -->
  <testcase classname="com.Runner.Local_Host" name="calendar">
    <skipped/>
  </testcase> <!-- calendar -->
</testsuite> <!-- com.Runner.Local_Host -->
