<?xml version="1.0" encoding="UTF-8"?>
<!-- Generated by org.testng.reporters.JUnitReportReporter -->
<testsuite ignored="6" hostname="WorkPC" failures="0" tests="2" name="com.Runner.classRuner" time="42.206" errors="0" timestamp="05 Oct 2022 15:05:33 GMT" skipped="0">
  <testcase classname="com.Runner.classRuner" name="TeleDoctor" time="13.303"/>
  <testcase classname="com.Runner.classRuner" name="PatientModule" time="28.903"/>
  <testcase classname="com.Runner.classRuner" name="calendar">
    <skipped/>
  </testcase> <!-- calendar -->
  <testcase classname="com.Runner.classRuner" name="Settings">
    <skipped/>
  </testcase> <!-- Settings -->
  <testcase classname="com.Runner.classRuner" name="HealthRec">
    <skipped/>
  </testcase> <!-- HealthRec -->
  <testcase classname="com.Runner.classRuner" name="BillingModule">
    <skipped/>
  </testcase> <!-- BillingModule -->
  <testcase classname="com.Runner.classRuner" name="Message">
    <skipped/>
  </testcase> <!-- Message -->
  <testcase classname="com.Runner.classRuner" name="HomeModule">
    <skipped/>
  </testcase> <!-- HomeModule -->
</testsuite> <!-- com.Runner.classRuner -->
